<?xml version="1.0" encoding="UTF-8"?>
<testsuite name="com.example.selenium.LoginTest" tests="1" skipped="0" failures="0" errors="0" timestamp="2020-06-01T23:15:58" hostname="Tetiana.Chmykhal" time="1.064">
  <properties/>
  <testcase name="login" classname="com.example.selenium.LoginTest" time="1.064"/>
  <system-out><![CDATA[]]></system-out>
  <system-err><![CDATA[Starting ChromeDriver 83.0.4103.39 (ccbf011cb2d2b19b506d844400483861342c20cd-refs/branch-heads/4103@{#416}) on port 29888
Only local connections are allowed.
Please see https://chromedriver.chromium.org/security-considerations for suggestions on keeping ChromeDriver safe.
ChromeDriver was started successfully.
Jun 02, 2020 2:15:56 AM org.openqa.selenium.remote.ProtocolHandshake createSession
INFO: Detected dialect: W3C
]]></system-err>
</testsuite>
